INFO: FILEIO: [c8testsuite4.1/1-chip8-logo.ch8] File loaded successfully
0/0: V0:00 V1:00 V2:00 V3:00 V4:00 V5:00 V6:00 V7:00 V8:00 V9:00 VA:00 VB:00 VC:00 VD:00 VE:00 VF:00 I:0000 SP:0 PC:0200 O:00e0
1/1: V0:00 V1:00 V2:00 V3:00 V4:00 V5:00 V6:00 V7:00 V8:00 V9:00 VA:00 VB:00 VC:00 VD:00 VE:00 VF:00 I:0000 SP:0 PC:0202 O:6101
2/2: V0:00 V1:01 V2:00 V3:00 V4:00 V5:00 V6:00 V7:00 V8:00 V9:00 VA:00 VB:00 VC:00 VD:00 VE:00 VF:00 I:0000 SP:0 PC:0204 O:6008
3/3: V0:08 V1:01 V2:00 V3:00 V4:00 V5:00 V6:00 V7:00 V8:00 V9:00 VA:00 VB:00 VC:00 VD:00 VE:00 VF:00 I:0000 SP:0 PC:0206 O:a250
4/4: V0:08 V1:01 V2:00 V3:00 V4:00 V5:00 V6:00 V7:00 V8:00 V9:00 VA:00 VB:00 VC:00 VD:00 VE:00 VF:00 I:0250 SP:0 PC:0208 O:d01f
................................................................
............####................................................
..............#.................................................
..............#.................................................
..............#.................................................
..............#.................................................
..............#.................................................
................................................................
................................................................
...........#####................................................
..........######................................................
.........###...#................................................
........###.....................................................
........###..#.#................................................
........###.....................................................
........###.#...................................................
................................................................
................................................................
................................................................
................................................................
................................................................
................................................................
................................................................
................................................................
................................................................
................................................................
................................................................
................................................................
................................................................
................................................................
................................................................
................................................................

5/5: V0:08 V1:01 V2:00 V3:00 V4:00 V5:00 V6:00 V7:00 V8:00 V9:00 VA:00 VB:00 VC:00 VD:00 VE:00 VF:00 I:0250 SP:0 PC:020a O:6010
6/6: V0:10 V1:01 V2:00 V3:00 V4:00 V5:00 V6:00 V7:00 V8:00 V9:00 VA:00 VB:00 VC:00 VD:00 VE:00 VF:00 I:0250 SP:0 PC:020c O:a25f
7/7: V0:10 V1:01 V2:00 V3:00 V4:00 V5:00 V6:00 V7:00 V8:00 V9:00 VA:00 VB:00 VC:00 VD:00 VE:00 VF:00 I:025f SP:0 PC:020e O:d01f
................................................................
............#####.#.............................................
..............#.....##.#........................................
..............#...#.#.#.........................................
..............#...#.#...........................................
..............#...#.#...........................................
..............#...#.#...........................................
................................................................
................................................................
...........#####...##...........................................
..........#######.###...........................................
.........###...##.###...........................................
........###.......###...........................................
........###..#.#..###...........................................
........###.......######........................................
........###.#...#.######........................................
................................................................
................................................................
................................................................
................................................................
................................................................
................................................................
................................................................
................................................................
................................................................
................................................................
................................................................
................................................................
................................................................
................................................................
................................................................
................................................................

8/8: V0:10 V1:01 V2:00 V3:00 V4:00 V5:00 V6:00 V7:00 V8:00 V9:00 VA:00 VB:00 VC:00 VD:00 VE:00 VF:00 I:025f SP:0 PC:0210 O:6018
9/9: V0:18 V1:01 V2:00 V3:00 V4:00 V5:00 V6:00 V7:00 V8:00 V9:00 VA:00 VB:00 VC:00 VD:00 VE:00 VF:00 I:025f SP:0 PC:0212 O:a26e
10/10: V0:18 V1:01 V2:00 V3:00 V4:00 V5:00 V6:00 V7:00 V8:00 V9:00 VA:00 VB:00 VC:00 VD:00 VE:00 VF:00 I:026e SP:0 PC:0214 O:d01f
................................................................
............#####.#.............................................
..............#.....##.#...##..#................................
..............#...#.#.#.#.#..#.#................................
..............#...#.#...#.####.#................................
..............#...#.#...#.#....#................................
..............#...#.#...#..###.#................................
................................................................
................................................................
...........#####...##.......##..................................
..........#######.###......###.#................................
.........###...##.###......###.#................................
........###.......###..........#................................
........###..#.#..###.......##.#................................
........###.......######...###.#................................
........###.#...#.#######..###.#................................
................................................................
................................................................
................................................................
................................................................
................................................................
................................................................
................................................................
................................................................
................................................................
................................................................
................................................................
................................................................
................................................................
................................................................
................................................................
................................................................

11/11: V0:18 V1:01 V2:00 V3:00 V4:00 V5:00 V6:00 V7:00 V8:00 V9:00 VA:00 VB:00 VC:00 VD:00 VE:00 VF:00 I:026e SP:0 PC:0216 O:6020
12/12: V0:20 V1:01 V2:00 V3:00 V4:00 V5:00 V6:00 V7:00 V8:00 V9:00 VA:00 VB:00 VC:00 VD:00 VE:00 VF:00 I:026e SP:0 PC:0218 O:a27d
13/13: V0:20 V1:01 V2:00 V3:00 V4:00 V5:00 V6:00 V7:00 V8:00 V9:00 VA:00 VB:00 VC:00 VD:00 VE:00 VF:00 I:027d SP:0 PC:021a O:d01f
................................................................
............#####.#....................#........................
..............#.....##.#...##..###...###........................
..............#...#.#.#.#.#..#.#..#.#..#........................
..............#...#.#...#.####.#..#.#..#........................
..............#...#.#...#.#....#..#.#..#........................
..............#...#.#...#..###.#..#..###........................
................................................................
................................................................
...........#####...##.......##..#####...........................
..........#######.###......###.#######..........................
.........###...##.###......###.###..###.........................
........###.......###..........###...##.........................
........###..#.#..###.......##.###...##.........................
........###.......######...###.###...##.........................
........###.#...#.#######..###.###...##.........................
................................................................
................................................................
................................................................
................................................................
................................................................
................................................................
................................................................
................................................................
................................................................
................................................................
................................................................
................................................................
................................................................
................................................................
................................................................
................................................................

14/14: V0:20 V1:01 V2:00 V3:00 V4:00 V5:00 V6:00 V7:00 V8:00 V9:00 VA:00 VB:00 VC:00 VD:00 VE:00 VF:00 I:027d SP:0 PC:021c O:6028
15/15: V0:28 V1:01 V2:00 V3:00 V4:00 V5:00 V6:00 V7:00 V8:00 V9:00 VA:00 VB:00 VC:00 VD:00 VE:00 VF:00 I:027d SP:0 PC:021e O:a28c
16/16: V0:28 V1:01 V2:00 V3:00 V4:00 V5:00 V6:00 V7:00 V8:00 V9:00 VA:00 VB:00 VC:00 VD:00 VE:00 VF:00 I:028c SP:0 PC:0220 O:d01f
................................................................
............#####.#....................#........................
..............#.....##.#...##..###...###.#..#..#................
..............#...#.#.#.#.#..#.#..#.#..#.#..#.#.................
..............#...#.#...#.####.#..#.#..#.#..#..#................
..............#...#.#...#.#....#..#.#..#.#..#...................
..............#...#.#...#..###.#..#..###..###.##................
................................................................
................................................................
...........#####...##.......##..#####...........................
..........#######.###......###.#######.........#................
.........###...##.###......###.###..###.......##................
........###.......###..........###...##.......##................
........###..#.#..###.......##.###...##.......##................
........###.......######...###.###...##........#................
........###.#...#.#######..###.###...##.####....................
................................................................
................................................................
................................................................
................................................................
................................................................
................................................................
................................................................
................................................................
................................................................
................................................................
................................................................
................................................................
................................................................
................................................................
................................................................
................................................................

17/17: V0:28 V1:01 V2:00 V3:00 V4:00 V5:00 V6:00 V7:00 V8:00 V9:00 VA:00 VB:00 VC:00 VD:00 VE:00 VF:00 I:028c SP:0 PC:0222 O:6030
18/18: V0:30 V1:01 V2:00 V3:00 V4:00 V5:00 V6:00 V7:00 V8:00 V9:00 VA:00 VB:00 VC:00 VD:00 VE:00 VF:00 I:028c SP:0 PC:0224 O:a29b
19/19: V0:30 V1:01 V2:00 V3:00 V4:00 V5:00 V6:00 V7:00 V8:00 V9:00 VA:00 VB:00 VC:00 VD:00 VE:00 VF:00 I:029b SP:0 PC:0226 O:d01f
................................................................
............#####.#....................#..........##............
..............#.....##.#...##..###...###.#..#..##..#............
..............#...#.#.#.#.#..#.#..#.#..#.#..#.#.................
..............#...#.#...#.####.#..#.#..#.#..#..#................
..............#...#.#...#.#....#..#.#..#.#..#...#...............
..............#...#.#...#..###.#..#..###..###.##................
................................................................
................................................................
...........#####...##.......##..#####...........#######.........
..........#######.###......###.#######.........###...###........
.........###...##.###......###.###..###.......###.....##........
........###.......###..........###...##.......###.....##........
........###..#.#..###.......##.###...##.......###.....##........
........###.......######...###.###...##........###...##.........
........###.#...#.#######..###.###...##.####....######..........
................................................................
................................................................
................................................................
................................................................
................................................................
................................................................
................................................................
................................................................
................................................................
................................................................
................................................................
................................................................
................................................................
................................................................
................................................................
................................................................

20/20: V0:30 V1:01 V2:00 V3:00 V4:00 V5:00 V6:00 V7:00 V8:00 V9:00 VA:00 VB:00 VC:00 VD:00 VE:00 VF:00 I:029b SP:0 PC:0228 O:6110
21/21: V0:30 V1:10 V2:00 V3:00 V4:00 V5:00 V6:00 V7:00 V8:00 V9:00 VA:00 VB:00 VC:00 VD:00 VE:00 VF:00 I:029b SP:0 PC:022a O:6008
22/22: V0:08 V1:10 V2:00 V3:00 V4:00 V5:00 V6:00 V7:00 V8:00 V9:00 VA:00 VB:00 VC:00 VD:00 VE:00 VF:00 I:029b SP:0 PC:022c O:a2aa
23/23: V0:08 V1:10 V2:00 V3:00 V4:00 V5:00 V6:00 V7:00 V8:00 V9:00 VA:00 VB:00 VC:00 VD:00 VE:00 VF:00 I:02aa SP:0 PC:022e O:d01f
................................................................
............#####.#....................#..........##............
..............#.....##.#...##..###...###.#..#..##..#............
..............#...#.#.#.#.#..#.#..#.#..#.#..#.#.................
..............#...#.#...#.####.#..#.#..#.#..#..#................
..............#...#.#...#.#....#..#.#..#.#..#...#...............
..............#...#.#...#..###.#..#..###..###.##................
................................................................
................................................................
...........#####...##.......##..#####...........#######.........
..........#######.###......###.#######.........###...###........
.........###...##.###......###.###..###.......###.....##........
........###.......###..........###...##.......###.....##........
........###..#.#..###.......##.###...##.......###.....##........
........###.......######...###.###...##........###...##.........
........###.#...#.#######..###.###...##.####....######..........
........###..###................................................
........###.....................................................
........###.....................................................
........###.....................................................
........###.....................................................
.........###...#................................................
..........######................................................
...........#####................................................
................................................................
................................................................
.............###................................................
..............#.................................................
..............#.................................................
..............#.................................................
..............#.................................................
................................................................

24/24: V0:08 V1:10 V2:00 V3:00 V4:00 V5:00 V6:00 V7:00 V8:00 V9:00 VA:00 VB:00 VC:00 VD:00 VE:00 VF:00 I:02aa SP:0 PC:0230 O:6010
25/25: V0:10 V1:10 V2:00 V3:00 V4:00 V5:00 V6:00 V7:00 V8:00 V9:00 VA:00 VB:00 VC:00 VD:00 VE:00 VF:00 I:02aa SP:0 PC:0232 O:a2b9
26/26: V0:10 V1:10 V2:00 V3:00 V4:00 V5:00 V6:00 V7:00 V8:00 V9:00 VA:00 VB:00 VC:00 VD:00 VE:00 VF:00 I:02b9 SP:0 PC:0234 O:d01f
................................................................
............#####.#....................#..........##............
..............#.....##.#...##..###...###.#..#..##..#............
..............#...#.#.#.#.#..#.#..#.#..#.#..#.#.................
..............#...#.#...#.####.#..#.#..#.#..#..#................
..............#...#.#...#.#....#..#.#..#.#..#...#...............
..............#...#.#...#..###.#..#..###..###.##................
................................................................
................................................................
...........#####...##.......##..#####...........#######.........
..........#######.###......###.#######.........###...###........
.........###...##.###......###.###..###.......###.....##........
........###.......###..........###...##.......###.....##........
........###..#.#..###.......##.###...##.......###.....##........
........###.......######...###.###...##........###...##.........
........###.#...#.#######..###.###...##.####....######..........
........###..###..###..#........................................
........###.......###...........................................
........###.......###...........................................
........###.......###...........................................
........###.......###...........................................
.........###...##.###...........................................
..........#######.###...........................................
...........#####..###...........................................
................................................................
................................................................
.............###..##...#........................................
..............#..#..#.#.........................................
..............#..####..#........................................
..............#..#..............................................
..............#...###.##........................................
................................................................

27/27: V0:10 V1:10 V2:00 V3:00 V4:00 V5:00 V6:00 V7:00 V8:00 V9:00 VA:00 VB:00 VC:00 VD:00 VE:00 VF:00 I:02b9 SP:0 PC:0236 O:6018
28/28: V0:18 V1:10 V2:00 V3:00 V4:00 V5:00 V6:00 V7:00 V8:00 V9:00 VA:00 VB:00 VC:00 VD:00 VE:00 VF:00 I:02b9 SP:0 PC:0238 O:a2c8
29/29: V0:18 V1:10 V2:00 V3:00 V4:00 V5:00 V6:00 V7:00 V8:00 V9:00 VA:00 VB:00 VC:00 VD:00 VE:00 VF:00 I:02c8 SP:0 PC:023a O:d01f
................................................................
............#####.#....................#..........##............
..............#.....##.#...##..###...###.#..#..##..#............
..............#...#.#.#.#.#..#.#..#.#..#.#..#.#.................
..............#...#.#...#.####.#..#.#..#.#..#..#................
..............#...#.#...#.#....#..#.#..#.#..#...#...............
..............#...#.#...#..###.#..#..###..###.##................
................................................................
................................................................
...........#####...##.......##..#####...........#######.........
..........#######.###......###.#######.........###...###........
.........###...##.###......###.###..###.......###.....##........
........###.......###..........###...##.......###.....##........
........###..#.#..###.......##.###...##.......###.....##........
........###.......######...###.###...##........###...##.........
........###.#...#.#######..###.###...##.####....######..........
........###..###..###..###.###.#................................
........###.......###...##.###.#................................
........###.......###...##.###.#................................
........###.......###...##.###.#................................
........###.......###...##.###.#................................
.........###...##.###...##.###.#................................
..........#######.###...##.###.#................................
...........#####..###...##.###.#................................
................................................................
................................................................
.............###..##...##.#.....................................
..............#..#..#.#...###...................................
..............#..####..#..#.....................................
..............#..#......#.#.....................................
..............#...###.##...##...................................
................................................................

30/30: V0:18 V1:10 V2:00 V3:00 V4:00 V5:00 V6:00 V7:00 V8:00 V9:00 VA:00 VB:00 VC:00 VD:00 VE:00 VF:00 I:02c8 SP:0 PC:023c O:6020
31/31: V0:20 V1:10 V2:00 V3:00 V4:00 V5:00 V6:00 V7:00 V8:00 V9:00 VA:00 VB:00 VC:00 VD:00 VE:00 VF:00 I:02c8 SP:0 PC:023e O:a2d7
32/32: V0:20 V1:10 V2:00 V3:00 V4:00 V5:00 V6:00 V7:00 V8:00 V9:00 VA:00 VB:00 VC:00 VD:00 VE:00 VF:00 I:02d7 SP:0 PC:0240 O:d01f
................................................................
............#####.#....................#..........##............
..............#.....##.#...##..###...###.#..#..##..#............
..............#...#.#.#.#.#..#.#..#.#..#.#..#.#.................
..............#...#.#...#.####.#..#.#..#.#..#..#................
..............#...#.#...#.#....#..#.#..#.#..#...#...............
..............#...#.#...#..###.#..#..###..###.##................
................................................................
................................................................
...........#####...##.......##..#####...........#######.........
..........#######.###......###.#######.........###...###........
.........###...##.###......###.###..###.......###.....##........
........###.......###..........###...##.......###.....##........
........###..#.#..###.......##.###...##.......###.....##........
........###.......######...###.###...##........###...##.........
........###.#...#.#######..###.###...##.####....######..........
........###..###..###..###.###.###..###.........................
........###.......###...##.###.#######..........................
........###.......###...##.###.######...........................
........###.......###...##.###.###..............................
........###.......###...##.###.###.#.#..........................
.........###...##.###...##.###.###.###..........................
..........#######.###...##.###.###...#..........................
...........#####..###...##.###.###...#.#........................
................................................................
................................................................
.............###..##...##.#.......##............................
..............#..#..#.#...###....#...#..........................
..............#..####..#..#.......#..#..........................
..............#..#......#.#........#.#..........................
..............#...###.##...##....##...##........................
................................................................

33/33: V0:20 V1:10 V2:00 V3:00 V4:00 V5:00 V6:00 V7:00 V8:00 V9:00 VA:00 VB:00 VC:00 VD:00 VE:00 VF:00 I:02d7 SP:0 PC:0242 O:6028
34/34: V0:28 V1:10 V2:00 V3:00 V4:00 V5:00 V6:00 V7:00 V8:00 V9:00 VA:00 VB:00 VC:00 VD:00 VE:00 VF:00 I:02d7 SP:0 PC:0244 O:a2e6
35/35: V0:28 V1:10 V2:00 V3:00 V4:00 V5:00 V6:00 V7:00 V8:00 V9:00 VA:00 VB:00 VC:00 VD:00 VE:00 VF:00 I:02e6 SP:0 PC:0246 O:d01f
................................................................
............#####.#....................#..........##............
..............#.....##.#...##..###...###.#..#..##..#............
..............#...#.#.#.#.#..#.#..#.#..#.#..#.#.................
..............#...#.#...#.####.#..#.#..#.#..#..#................
..............#...#.#...#.#....#..#.#..#.#..#...#...............
..............#...#.#...#..###.#..#..###..###.##................
................................................................
................................................................
...........#####...##.......##..#####...........#######.........
..........#######.###......###.#######.........###...###........
.........###...##.###......###.###..###.......###.....##........
........###.......###..........###...##.......###.....##........
........###..#.#..###.......##.###...##.......###.....##........
........###.......######...###.###...##........###...##.........
........###.#...#.#######..###.###...##.####....######..........
........###..###..###..###.###.###..###.####...#................
........###.......###...##.###.#######........##................
........###.......###...##.###.######........###................
........###.......###...##.###.###...........###................
........###.......###...##.###.###.#.#....#..###................
.........###...##.###...##.###.###.###...##..###................
..........#######.###...##.###.###...#....#...##................
...........#####..###...##.###.###...#.#.###...#................
................................................................
................................................................
.............###..##...##.#.......##......#.#...................
..............#..#..#.#...###....#...#..#...###.................
..............#..####..#..#.......#..#..#.#.#...................
..............#..#......#.#........#.#..#.#.#...................
..............#...###.##...##....##...###.#..##.................
................................................................

36/36: V0:28 V1:10 V2:00 V3:00 V4:00 V5:00 V6:00 V7:00 V8:00 V9:00 VA:00 VB:00 VC:00 VD:00 VE:00 VF:00 I:02e6 SP:0 PC:0248 O:6030
37/37: V0:30 V1:10 V2:00 V3:00 V4:00 V5:00 V6:00 V7:00 V8:00 V9:00 VA:00 VB:00 VC:00 VD:00 VE:00 VF:00 I:02e6 SP:0 PC:024a O:a2f5
38/38: V0:30 V1:10 V2:00 V3:00 V4:00 V5:00 V6:00 V7:00 V8:00 V9:00 VA:00 VB:00 VC:00 VD:00 VE:00 VF:00 I:02f5 SP:0 PC:024c O:d01f
................................................................
............#####.#....................#..........##............
..............#.....##.#...##..###...###.#..#..##..#............
..............#...#.#.#.#.#..#.#..#.#..#.#..#.#.................
..............#...#.#...#.####.#..#.#..#.#..#..#................
..............#...#.#...#.#....#..#.#..#.#..#...#...............
..............#...#.#...#..###.#..#..###..###.##................
................................................................
................................................................
...........#####...##.......##..#####...........#######.........
..........#######.###......###.#######.........###...###........
.........###...##.###......###.###..###.......###.....##........
........###.......###..........###...##.......###.....##........
........###..#.#..###.......##.###...##.......###.....##........
........###.......######...###.###...##........###...##.........
........###.#...#.#######..###.###...##.####....######..........
........###..###..###..###.###.###..###.####...###..###.........
........###.......###...##.###.#######........###....###........
........###.......###...##.###.######........###......##........
........###.......###...##.###.###...........###......##........
........###.......###...##.###.###.#.#....#..###......##........
.........###...##.###...##.###.###.###...##..####....###........
..........#######.###...##.###.###...#....#...#########.........
...........#####..###...##.###.###...#.#.###...#######..........
................................................................
................................................................
.............###..##...##.#.......##......#.#....##.............
..............#..#..#.#...###....#...#..#...###.#..#............
..............#..####..#..#.......#..#..#.#.#...####............
..............#..#......#.#........#.#..#.#.#...#...............
..............#...###.##...##....##...###.#..##..###............
................................................................

39/39: V0:30 V1:10 V2:00 V3:00 V4:00 V5:00 V6:00 V7:00 V8:00 V9:00 VA:00 VB:00 VC:00 VD:00 VE:00 VF:00 I:02f5 SP:0 PC:024e O:124e
