INFO: FILEIO: [c8testsuite4.1/2-ibm-logo.ch8] File loaded successfully
0/0: V0:00 V1:00 V2:00 V3:00 V4:00 V5:00 V6:00 V7:00 V8:00 V9:00 VA:00 VB:00 VC:00 VD:00 VE:00 VF:00 I:0000 SP:0 PC:0200 O:00e0
1/1: V0:00 V1:00 V2:00 V3:00 V4:00 V5:00 V6:00 V7:00 V8:00 V9:00 VA:00 VB:00 VC:00 VD:00 VE:00 VF:00 I:0000 SP:0 PC:0202 O:a22a
2/2: V0:00 V1:00 V2:00 V3:00 V4:00 V5:00 V6:00 V7:00 V8:00 V9:00 VA:00 VB:00 VC:00 VD:00 VE:00 VF:00 I:022a SP:0 PC:0204 O:600c
3/3: V0:0c V1:00 V2:00 V3:00 V4:00 V5:00 V6:00 V7:00 V8:00 V9:00 VA:00 VB:00 VC:00 VD:00 VE:00 VF:00 I:022a SP:0 PC:0206 O:6108
4/4: V0:0c V1:08 V2:00 V3:00 V4:00 V5:00 V6:00 V7:00 V8:00 V9:00 VA:00 VB:00 VC:00 VD:00 VE:00 VF:00 I:022a SP:0 PC:0208 O:d01f
................................................................
................................................................
................................................................
................................................................
................................................................
................................................................
................................................................
................................................................
............########............................................
................................................................
............########............................................
................................................................
..............####..............................................
................................................................
..............####..............................................
................................................................
..............####..............................................
................................................................
..............####..............................................
................................................................
............########............................................
................................................................
............########............................................
................................................................
................................................................
................................................................
................................................................
................................................................
................................................................
................................................................
................................................................
................................................................

5/5: V0:0c V1:08 V2:00 V3:00 V4:00 V5:00 V6:00 V7:00 V8:00 V9:00 VA:00 VB:00 VC:00 VD:00 VE:00 VF:00 I:022a SP:0 PC:020a O:7009
6/6: V0:15 V1:08 V2:00 V3:00 V4:00 V5:00 V6:00 V7:00 V8:00 V9:00 VA:00 VB:00 VC:00 VD:00 VE:00 VF:00 I:022a SP:0 PC:020c O:a239
7/7: V0:15 V1:08 V2:00 V3:00 V4:00 V5:00 V6:00 V7:00 V8:00 V9:00 VA:00 VB:00 VC:00 VD:00 VE:00 VF:00 I:0239 SP:0 PC:020e O:d01f
................................................................
................................................................
................................................................
................................................................
................................................................
................................................................
................................................................
................................................................
............########.########...................................
................................................................
............########.########...................................
................................................................
..............####.....###......................................
................................................................
..............####.....######...................................
................................................................
..............####.....######...................................
................................................................
..............####.....###......................................
................................................................
............########.########...................................
................................................................
............########.########...................................
................................................................
................................................................
................................................................
................................................................
................................................................
................................................................
................................................................
................................................................
................................................................

8/8: V0:15 V1:08 V2:00 V3:00 V4:00 V5:00 V6:00 V7:00 V8:00 V9:00 VA:00 VB:00 VC:00 VD:00 VE:00 VF:00 I:0239 SP:0 PC:0210 O:a248
9/9: V0:15 V1:08 V2:00 V3:00 V4:00 V5:00 V6:00 V7:00 V8:00 V9:00 VA:00 VB:00 VC:00 VD:00 VE:00 VF:00 I:0248 SP:0 PC:0212 O:7008
10/10: V0:1d V1:08 V2:00 V3:00 V4:00 V5:00 V6:00 V7:00 V8:00 V9:00 VA:00 VB:00 VC:00 VD:00 VE:00 VF:00 I:0248 SP:0 PC:0214 O:d01f
................................................................
................................................................
................................................................
................................................................
................................................................
................................................................
................................................................
................................................................
............########.#########..................................
................................................................
............########.###########................................
................................................................
..............####.....###...###................................
................................................................
..............####.....#######..................................
................................................................
..............####.....#######..................................
................................................................
..............####.....###...###................................
................................................................
............########.###########................................
................................................................
............########.#########..................................
................................................................
................................................................
................................................................
................................................................
................................................................
................................................................
................................................................
................................................................
................................................................

11/11: V0:1d V1:08 V2:00 V3:00 V4:00 V5:00 V6:00 V7:00 V8:00 V9:00 VA:00 VB:00 VC:00 VD:00 VE:00 VF:00 I:0248 SP:0 PC:0216 O:7004
12/12: V0:21 V1:08 V2:00 V3:00 V4:00 V5:00 V6:00 V7:00 V8:00 V9:00 VA:00 VB:00 VC:00 VD:00 VE:00 VF:00 I:0248 SP:0 PC:0218 O:a257
13/13: V0:21 V1:08 V2:00 V3:00 V4:00 V5:00 V6:00 V7:00 V8:00 V9:00 VA:00 VB:00 VC:00 VD:00 VE:00 VF:00 I:0257 SP:0 PC:021a O:d01f
................................................................
................................................................
................................................................
................................................................
................................................................
................................................................
................................................................
................................................................
............########.#########...#####..........................
................................................................
............########.###########.######.........................
................................................................
..............####.....###...###...#####........................
................................................................
..............####.....#######.....######.......................
................................................................
..............####.....#######.....###.##.......................
................................................................
..............####.....###...###...###..#.......................
................................................................
............########.###########.#####..........................
................................................................
............########.#########...#####..........................
................................................................
................................................................
................................................................
................................................................
................................................................
................................................................
................................................................
................................................................
................................................................

14/14: V0:21 V1:08 V2:00 V3:00 V4:00 V5:00 V6:00 V7:00 V8:00 V9:00 VA:00 VB:00 VC:00 VD:00 VE:00 VF:00 I:0257 SP:0 PC:021c O:7008
15/15: V0:29 V1:08 V2:00 V3:00 V4:00 V5:00 V6:00 V7:00 V8:00 V9:00 VA:00 VB:00 VC:00 VD:00 VE:00 VF:00 I:0257 SP:0 PC:021e O:a266
16/16: V0:29 V1:08 V2:00 V3:00 V4:00 V5:00 V6:00 V7:00 V8:00 V9:00 VA:00 VB:00 VC:00 VD:00 VE:00 VF:00 I:0266 SP:0 PC:0220 O:d01f
................................................................
................................................................
................................................................
................................................................
................................................................
................................................................
................................................................
................................................................
............########.#########...#####.........##...............
................................................................
............########.###########.######.......###...............
................................................................
..............####.....###...###...#####.....####...............
................................................................
..............####.....#######.....#######.######...............
................................................................
..............####.....#######.....###.#######.##...............
................................................................
..............####.....###...###...###..#####..##...............
................................................................
............########.###########.#####...###...##...............
................................................................
............########.#########...#####....#....##...............
................................................................
................................................................
................................................................
................................................................
................................................................
................................................................
................................................................
................................................................
................................................................

17/17: V0:29 V1:08 V2:00 V3:00 V4:00 V5:00 V6:00 V7:00 V8:00 V9:00 VA:00 VB:00 VC:00 VD:00 VE:00 VF:00 I:0266 SP:0 PC:0222 O:7008
18/18: V0:31 V1:08 V2:00 V3:00 V4:00 V5:00 V6:00 V7:00 V8:00 V9:00 VA:00 VB:00 VC:00 VD:00 VE:00 VF:00 I:0266 SP:0 PC:0224 O:a275
19/19: V0:31 V1:08 V2:00 V3:00 V4:00 V5:00 V6:00 V7:00 V8:00 V9:00 VA:00 VB:00 VC:00 VD:00 VE:00 VF:00 I:0275 SP:0 PC:0226 O:d01f
................................................................
................................................................
................................................................
................................................................
................................................................
................................................................
................................................................
................................................................
............########.#########...#####.........#####..#.#.......
......................................................#.#.......
............########.###########.######.......######...#........
................................................................
..............####.....###...###...#####.....#####....#.#.......
......................................................###.......
..............####.....#######.....#######.#######......#.......
........................................................#.......
..............####.....#######.....###.#######.###..............
.......................................................#........
..............####.....###...###...###..#####..###..............
.......................................................#........
............########.###########.#####...###...#####..##........
.......................................................#........
............########.#########...#####....#....#####..###.......
................................................................
................................................................
................................................................
................................................................
................................................................
................................................................
................................................................
................................................................
................................................................

20/20: V0:31 V1:08 V2:00 V3:00 V4:00 V5:00 V6:00 V7:00 V8:00 V9:00 VA:00 VB:00 VC:00 VD:00 VE:00 VF:00 I:0275 SP:0 PC:0228 O:1228
